  stdafx.cpp
  SimpleGame.cpp
c:\users\tlsao\onedrive\대학\게임소프트웨어공학\gse_2_-_2013180024-master\gse_2_-_2013180024\simplegame(1)\simplegame\simplegame.cpp(26): warning C4244: '초기화 중': 'float'에서 'DWORD'(으)로 변환하면서 데이터가 손실될 수 있습니다.
c:\users\tlsao\onedrive\대학\게임소프트웨어공학\gse_2_-_2013180024-master\gse_2_-_2013180024\simplegame(1)\simplegame\simplegame.cpp(27): warning C4244: '=': 'DWORD'에서 'float'(으)로 변환하면서 데이터가 손실될 수 있습니다.
c:\users\tlsao\onedrive\대학\게임소프트웨어공학\gse_2_-_2013180024-master\gse_2_-_2013180024\simplegame(1)\simplegame\simplegame.cpp(32): warning C4244: '인수': 'DWORD'에서 'float'(으)로 변환하면서 데이터가 손실될 수 있습니다.
c:\users\tlsao\onedrive\대학\게임소프트웨어공학\gse_2_-_2013180024-master\gse_2_-_2013180024\simplegame(1)\simplegame\simplegame.cpp(41): warning C4244: '초기화 중': 'float'에서 'DWORD'(으)로 변환하면서 데이터가 손실될 수 있습니다.
c:\users\tlsao\onedrive\대학\게임소프트웨어공학\gse_2_-_2013180024-master\gse_2_-_2013180024\simplegame(1)\simplegame\simplegame.cpp(42): warning C4244: '=': 'DWORD'에서 'float'(으)로 변환하면서 데이터가 손실될 수 있습니다.
c:\users\tlsao\onedrive\대학\게임소프트웨어공학\gse_2_-_2013180024-master\gse_2_-_2013180024\simplegame(1)\simplegame\simplegame.cpp(44): warning C4244: '인수': 'DWORD'에서 'float'(으)로 변환하면서 데이터가 손실될 수 있습니다.
c:\users\tlsao\onedrive\대학\게임소프트웨어공학\gse_2_-_2013180024-master\gse_2_-_2013180024\simplegame(1)\simplegame\simplegame.cpp(69): warning C4244: '인수': 'time_t'에서 'unsigned int'(으)로 변환하면서 데이터가 손실될 수 있습니다.
  SceneMgr.cpp
c:\users\tlsao\onedrive\대학\게임소프트웨어공학\gse_2_-_2013180024-master\gse_2_-_2013180024\simplegame(1)\simplegame\scenemgr.cpp(51): warning C4244: '인수': 'int'에서 'float'(으)로 변환하면서 데이터가 손실될 수 있습니다.
c:\users\tlsao\onedrive\대학\게임소프트웨어공학\gse_2_-_2013180024-master\gse_2_-_2013180024\simplegame(1)\simplegame\scenemgr.cpp(60): warning C4154: 배열 식을 삭제했습니다. 포인터로 변환이 제공됩니다.
c:\users\tlsao\onedrive\대학\게임소프트웨어공학\gse_2_-_2013180024-master\gse_2_-_2013180024\simplegame(1)\simplegame\scenemgr.cpp(84): warning C4244: '인수': 'float'에서 'int'(으)로 변환하면서 데이터가 손실될 수 있습니다.
  Renderer.cpp
c:\users\tlsao\onedrive\대학\게임소프트웨어공학\gse_2_-_2013180024-master\gse_2_-_2013180024\simplegame(1)\simplegame\renderer.cpp(63): warning C4267: '=': 'size_t'에서 'GLint'(으)로 변환하면서 데이터가 손실될 수 있습니다.
  GameObject.cpp
c:\users\tlsao\onedrive\대학\게임소프트웨어공학\gse_2_-_2013180024-master\gse_2_-_2013180024\simplegame(1)\simplegame\gameobject.cpp(93): warning C4244: '=': 'int'에서 'float'(으)로 변환하면서 데이터가 손실될 수 있습니다.
c:\users\tlsao\onedrive\대학\게임소프트웨어공학\gse_2_-_2013180024-master\gse_2_-_2013180024\simplegame(1)\simplegame\gameobject.cpp(94): warning C4244: '=': 'int'에서 'float'(으)로 변환하면서 데이터가 손실될 수 있습니다.
c:\users\tlsao\onedrive\대학\게임소프트웨어공학\gse_2_-_2013180024-master\gse_2_-_2013180024\simplegame(1)\simplegame\gameobject.cpp(134): warning C4244: '=': 'int'에서 'float'(으)로 변환하면서 데이터가 손실될 수 있습니다.
c:\users\tlsao\onedrive\대학\게임소프트웨어공학\gse_2_-_2013180024-master\gse_2_-_2013180024\simplegame(1)\simplegame\gameobject.cpp(135): warning C4244: '=': 'int'에서 'float'(으)로 변환하면서 데이터가 손실될 수 있습니다.
  코드를 생성하고 있습니다...
  SimpleGame.vcxproj -> C:\Users\tlsao\OneDrive\대학\게임소프트웨어공학\GSE_2_-_2013180024-master\GSE_2_-_2013180024\SimpleGame(1)\x64\Debug\SimpleGame.exe
